<?xml version="1.0" encoding="UTF-8"?>
<testsuite xmlns:xsi="http://www.w3.org/2001/XMLSchema-instance" xsi:noNamespaceSchemaLocation="https://maven.apache.org/surefire/maven-surefire-plugin/xsd/surefire-test-report-3.0.xsd" version="3.0" name="conduitApp.conduitTest" time="9.728" tests="1" errors="0" skipped="0" failures="0">
  <properties>
[...]
</properties>
  <testcase name="testParallel" classname="conduitApp.conduitTest" time="9.703">
    <system-out><![CDATA[18:39:56.146 [main] DEBUG com.intuit.karate.Suite - [config] classpath:karate-config.js
18:39:56.160 [main] INFO  com.intuit.karate.Suite - backed up existing 'target\karate-reports' dir to: target\karate-reports_1708434596152
18:39:57.529 [pool-2-thread-1] INFO  com.intuit.karate - karate.env system property was: null 
18:39:58.000 [pool-2-thread-1] DEBUG com.intuit.karate - request:
1 > POST https://api.realworld.io/api/users/login
1 > Content-Type: application/json; charset=UTF-8
1 > Content-Length: 56
1 > Host: api.realworld.io
1 > Connection: Keep-Alive
1 > User-Agent: Apache-HttpClient/4.5.14 (Java/17.0.8)
1 > Accept-Encoding: gzip,deflate
{"user":{"email":"karate@1.com","password":"karate123"}}

18:39:59.013 [pool-2-thread-1] DEBUG com.intuit.karate - response time in milliseconds: 1009
1 < 200
1 < Date: Tue, 20 Feb 2024 13:09:58 GMT
1 < Content-Type: application/json; charset=utf-8
1 < Transfer-Encoding: chunked
1 < Connection: keep-alive
1 < Report-To: {"group":"heroku-nel","max_age":3600,"endpoints":[{"url":"https://nel.heroku.com/reports?ts=1708434597&sid=c46efe9b-d3d2-4a0c-8c76-bfafa16c5add&s=hDJslB%2Bijo%2BrP%2BXn7qUjjUz34T3Iy7BKWRtdMLqSk7I%3D"}]}
1 < Reporting-Endpoints: heroku-nel=https://nel.heroku.com/reports?ts=1708434597&sid=c46efe9b-d3d2-4a0c-8c76-bfafa16c5add&s=hDJslB%2Bijo%2BrP%2BXn7qUjjUz34T3Iy7BKWRtdMLqSk7I%3D
1 < Nel: {"report_to":"heroku-nel","max_age":3600,"success_fraction":0.005,"failure_fraction":0.05,"response_headers":["Via"]}
1 < X-Powered-By: Express
1 < Access-Control-Allow-Origin: *
1 < Etag: W/"122-tOcwKmAZhrmXu8aquOzIuRMTshA"
1 < Via: 1.1 vegur
1 < CF-Cache-Status: DYNAMIC
1 < Server: cloudflare
1 < CF-RAY: 8586fcaaad133e2c-SIN
1 < alt-svc: h3=":443"; ma=86400
{"user":{"email":"karate@1.com","username":"subash","bio":null,"image":"https://api.realworld.io/images/smiley-cyrus.jpeg","token":"eyJhbGciOiJIUzI1NiIsInR5cCI6IkpXVCJ9.eyJ1c2VyIjp7ImlkIjoxMDEzNX0sImlhdCI6MTcwODQzNDU5OCwiZXhwIjoxNzEzNjE4NTk4fQ.KwSVcVwZRrhKEToaSKtGkqrJ7qWCjKIsbpXa7SXScxI"}}

18:39:59.029 [pool-2-thread-1] DEBUG com.intuit.karate - request:
2 > POST https://api.realworld.io/api/articles
2 > Authorization: Token eyJhbGciOiJIUzI1NiIsInR5cCI6IkpXVCJ9.eyJ1c2VyIjp7ImlkIjoxMDEzNX0sImlhdCI6MTcwODQzNDU5OCwiZXhwIjoxNzEzNjE4NTk4fQ.KwSVcVwZRrhKEToaSKtGkqrJ7qWCjKIsbpXa7SXScxI
2 > Content-Type: application/json; charset=UTF-8
2 > Content-Length: 86
2 > Host: api.realworld.io
2 > Connection: Keep-Alive
2 > User-Agent: Apache-HttpClient/4.5.14 (Java/17.0.8)
2 > Accept-Encoding: gzip,deflate
{"article":{"tagList":[],"title":"RSWDeleting","description":"article","body":"test"}}

18:39:59.737 [pool-2-thread-1] DEBUG com.intuit.karate - response time in milliseconds: 707
2 < 201
2 < Date: Tue, 20 Feb 2024 13:09:58 GMT
2 < Content-Type: application/json; charset=utf-8
2 < Content-Length: 348
2 < Connection: keep-alive
2 < Report-To: {"group":"heroku-nel","max_age":3600,"endpoints":[{"url":"https://nel.heroku.com/reports?ts=1708434598&sid=c46efe9b-d3d2-4a0c-8c76-bfafa16c5add&s=mVc06lZQjBrJQMTb3eUmFo%2FWypyOPsfUtRsGjULSVvI%3D"}]}
2 < Reporting-Endpoints: heroku-nel=https://nel.heroku.com/reports?ts=1708434598&sid=c46efe9b-d3d2-4a0c-8c76-bfafa16c5add&s=mVc06lZQjBrJQMTb3eUmFo%2FWypyOPsfUtRsGjULSVvI%3D
2 < Nel: {"report_to":"heroku-nel","max_age":3600,"success_fraction":0.005,"failure_fraction":0.05,"response_headers":["Via"]}
2 < X-Powered-By: Express
2 < Access-Control-Allow-Origin: *
2 < Etag: W/"15c-qHxZx5jickAyZ/DKXLgCTQHAdus"
2 < Via: 1.1 vegur
2 < CF-Cache-Status: DYNAMIC
2 < Server: cloudflare
2 < CF-RAY: 8586fcaf9b5818be-SIN
2 < alt-svc: h3=":443"; ma=86400
{"article":{"slug":"RSWDeleting-10135","title":"RSWDeleting","description":"article","body":"test","tagList":[],"createdAt":"2024-02-20T13:09:58.752Z","updatedAt":"2024-02-20T13:09:58.752Z","favorited":false,"favoritesCount":0,"author":{"username":"subash","bio":null,"image":"https://api.realworld.io/images/smiley-cyrus.jpeg","following":false}}}

18:39:59.749 [pool-2-thread-1] DEBUG com.intuit.karate - request:
3 > GET https://api.realworld.io/api/articles/RSWDeleting-10135
3 > Host: api.realworld.io
3 > Connection: Keep-Alive
3 > User-Agent: Apache-HttpClient/4.5.14 (Java/17.0.8)
3 > Accept-Encoding: gzip,deflate


18:40:00.974 [pool-2-thread-1] DEBUG com.intuit.karate - response time in milliseconds: 1224
3 < 200
3 < Date: Tue, 20 Feb 2024 13:10:00 GMT
3 < Content-Type: application/json; charset=utf-8
3 < Transfer-Encoding: chunked
3 < Connection: keep-alive
3 < Report-To: {"group":"heroku-nel","max_age":3600,"endpoints":[{"url":"https://nel.heroku.com/reports?ts=1708434599&sid=c46efe9b-d3d2-4a0c-8c76-bfafa16c5add&s=OfoiEs4ZiYQ%2FXCO5HCzs0wvzWUdo4%2BL36WA0GI4VNYo%3D"}]}
3 < Reporting-Endpoints: heroku-nel=https://nel.heroku.com/reports?ts=1708434599&sid=c46efe9b-d3d2-4a0c-8c76-bfafa16c5add&s=OfoiEs4ZiYQ%2FXCO5HCzs0wvzWUdo4%2BL36WA0GI4VNYo%3D
3 < Nel: {"report_to":"heroku-nel","max_age":3600,"success_fraction":0.005,"failure_fraction":0.05,"response_headers":["Via"]}
3 < X-Powered-By: Express
3 < Access-Control-Allow-Origin: *
3 < Etag: W/"15c-qHxZx5jickAyZ/DKXLgCTQHAdus"
3 < Via: 1.1 vegur
3 < CF-Cache-Status: DYNAMIC
3 < Server: cloudflare
3 < CF-RAY: 8586fcb40de881b0-SIN
3 < alt-svc: h3=":443"; ma=86400
{"article":{"slug":"RSWDeleting-10135","title":"RSWDeleting","description":"article","body":"test","tagList":[],"createdAt":"2024-02-20T13:09:58.752Z","updatedAt":"2024-02-20T13:09:58.752Z","favorited":false,"favoritesCount":0,"author":{"username":"subash","bio":null,"image":"https://api.realworld.io/images/smiley-cyrus.jpeg","following":false}}}

18:40:00.990 [pool-2-thread-1] DEBUG com.intuit.karate - request:
4 > DELETE https://api.realworld.io/api/articles/RSWDeleting-10135
4 > Authorization: Token eyJhbGciOiJIUzI1NiIsInR5cCI6IkpXVCJ9.eyJ1c2VyIjp7ImlkIjoxMDEzNX0sImlhdCI6MTcwODQzNDU5OCwiZXhwIjoxNzEzNjE4NTk4fQ.KwSVcVwZRrhKEToaSKtGkqrJ7qWCjKIsbpXa7SXScxI
4 > Host: api.realworld.io
4 > Connection: Keep-Alive
4 > User-Agent: Apache-HttpClient/4.5.14 (Java/17.0.8)
4 > Accept-Encoding: gzip,deflate


18:40:01.643 [pool-2-thread-1] DEBUG com.intuit.karate - response time in milliseconds: 652
4 < 204
4 < Date: Tue, 20 Feb 2024 13:10:00 GMT
4 < Content-Length: 0
4 < Connection: keep-alive
4 < Report-To: {"group":"heroku-nel","max_age":3600,"endpoints":[{"url":"https://nel.heroku.com/reports?ts=1708434600&sid=c46efe9b-d3d2-4a0c-8c76-bfafa16c5add&s=IlkD%2B%2FwqA3RNg8ms3c9ohZ1A%2BAfe5mkkVtQ%2FwnaRPgA%3D"}]}
4 < Reporting-Endpoints: heroku-nel=https://nel.heroku.com/reports?ts=1708434600&sid=c46efe9b-d3d2-4a0c-8c76-bfafa16c5add&s=IlkD%2B%2FwqA3RNg8ms3c9ohZ1A%2BAfe5mkkVtQ%2FwnaRPgA%3D
4 < Nel: {"report_to":"heroku-nel","max_age":3600,"success_fraction":0.005,"failure_fraction":0.05,"response_headers":["Via"]}
4 < X-Powered-By: Express
4 < Access-Control-Allow-Origin: *
4 < Etag: W/"a-bAsFyilMr4Ra1hIU5PyoyFRunpI"
4 < Via: 1.1 vegur
4 < CF-Cache-Status: DYNAMIC
4 < Server: cloudflare
4 < CF-RAY: 8586fcbbda0d406d-SIN
4 < alt-svc: h3=":443"; ma=86400


18:40:01.649 [pool-2-thread-1] DEBUG com.intuit.karate - request:
5 > GET https://api.realworld.io/api/articles/RSWDeleting-10135?offset=0&limit=10
5 > Host: api.realworld.io
5 > Connection: Keep-Alive
5 > User-Agent: Apache-HttpClient/4.5.14 (Java/17.0.8)
5 > Accept-Encoding: gzip,deflate


18:40:02.338 [pool-2-thread-1] DEBUG com.intuit.karate - response time in milliseconds: 689
5 < 404
5 < Date: Tue, 20 Feb 2024 13:10:01 GMT
5 < Content-Type: application/json; charset=utf-8
5 < Content-Length: 36
5 < Connection: keep-alive
5 < Report-To: {"group":"heroku-nel","max_age":3600,"endpoints":[{"url":"https://nel.heroku.com/reports?ts=1708434601&sid=c46efe9b-d3d2-4a0c-8c76-bfafa16c5add&s=RCXZU6rniC86JCaiRFLrW6d9HS4JqxEyqCxOqIvLPDY%3D"}]}
5 < Reporting-Endpoints: heroku-nel=https://nel.heroku.com/reports?ts=1708434601&sid=c46efe9b-d3d2-4a0c-8c76-bfafa16c5add&s=RCXZU6rniC86JCaiRFLrW6d9HS4JqxEyqCxOqIvLPDY%3D
5 < Nel: {"report_to":"heroku-nel","max_age":3600,"success_fraction":0.005,"failure_fraction":0.05,"response_headers":["Via"]}
5 < X-Powered-By: Express
5 < Access-Control-Allow-Origin: *
5 < Etag: W/"24-WwkKlnN0sbKzUZbyZqRl66DQxQA"
5 < Via: 1.1 vegur
5 < CF-Cache-Status: DYNAMIC
5 < Server: cloudflare
5 < CF-RAY: 8586fcc00d3c3fb3-SIN
5 < alt-svc: h3=":443"; ma=86400
{"errors":{"article":["not found"]}}

---------------------------------------------------------
feature: classpath:conduitApp/feature/articlePOST.feature
scenarios:  1 | passed:  1 | failed:  0 | time: 4.7702
---------------------------------------------------------

18:40:03.844 [pool-3-thread-1] INFO  com.intuit.karate.Suite - <<pass>> feature 1 of 1 (0 remaining) classpath:conduitApp/feature/articlePOST.feature
Karate version: 1.4.1
======================================================
elapsed:   8.90 | threads:    5 | thread time: 4.77 
features:     1 | skipped:    0 | efficiency: 0.11
scenarios:    1 | passed:     1 | failed: 0
======================================================

HTML report: (paste into browser to view) | Karate version: 1.4.1
file:///D:/DEVOPS_AND_CLOUD/Karate_Test/myproject/target/karate-reports/karate-summary.html
===================================================================

]]></system-out>
  </testcase>
</testsuite>